#
# There is insufficient memory for the Java Runtime Environment to continue.
# Native memory allocation (mmap) failed to map 251658240 bytes for G1 virtual space
# Possible reasons:
#   The system is out of physical RAM or swap space
#   The process is running with CompressedOops enabled, and the Java Heap may be blocking the growth of the native heap
# Possible solutions:
#   Reduce memory load on the system
#   Increase physical memory or swap space
#   Check if swap backing store is full
#   Decrease Java heap size (-Xmx/-Xms)
#   Decrease number of Java threads
#   Decrease Java thread stack sizes (-Xss)
#   Set larger code cache with -XX:ReservedCodeCacheSize=
#   JVM is running with Zero Based Compressed Oops mode in which the Java heap is
#     placed in the first 32GB address space. The Java Heap base address is the
#     maximum limit for the native heap growth. Please use -XX:HeapBaseMinAddress
#     to set the Java Heap base and to place the Java Heap above 32GB virtual address.
# This output file may be truncated or incomplete.
#
#  Out of Memory Error (os_windows.cpp:3825), pid=22320, tid=2836
#
# JRE version:  (17.0.9+7) (build )
# Java VM: OpenJDK 64-Bit Server VM (17.0.9+7-b1087.9, mixed mode, sharing, tiered, compressed oops, compressed class ptrs, g1 gc, windows-amd64)
# No core dump will be written. Minidumps are not enabled by default on client versions of Windows
#

---------------  S U M M A R Y ------------

Command Line: git4idea.http.GitAskPassApp Username for 'https://github.com': 

Host: AMD Ryzen 5 PRO 2400G with Radeon Vega Graphics, 8 cores, 14G,  Windows 10 , 64 bit Build 19041 (10.0.19041.2913)
Time: Thu Jan 11 10:43:38 2024 Hora est. Pacífico, Sudamérica elapsed time: 0.056201 seconds (0d 0h 0m 0s)

---------------  T H R E A D  ---------------

Current thread (0x000001e8183a7f30):  JavaThread "Unknown thread" [_thread_in_vm, id=2836, stack(0x0000004e05b00000,0x0000004e05c00000)]

Stack: [0x0000004e05b00000,0x0000004e05c00000]
Native frames: (J=compiled Java code, j=interpreted, Vv=VM code, C=native code)
V  [jvm.dll+0x688349]
V  [jvm.dll+0x841bfa]
V  [jvm.dll+0x84383e]
V  [jvm.dll+0x843ea3]
V  [jvm.dll+0x24bdef]
V  [jvm.dll+0x6850f9]
V  [jvm.dll+0x67988a]
V  [jvm.dll+0x30cbfb]
V  [jvm.dll+0x3140a6]
V  [jvm.dll+0x363ede]
V  [jvm.dll+0x36410f]
V  [jvm.dll+0x2e29c8]
V  [jvm.dll+0x2e3934]
V  [jvm.dll+0x812771]
V  [jvm.dll+0x371d41]
V  [jvm.dll+0x7f12bc]
V  [jvm.dll+0x3f59cf]
V  [jvm.dll+0x3f7601]
C  [jli.dll+0x528f]
C  [ucrtbase.dll+0x21bb2]
C  [KERNEL32.DLL+0x17614]
C  [ntdll.dll+0x526a1]


---------------  P R O C E S S  ---------------

Threads class SMR info:
_java_thread_list=0x00007ffaa3e0df18, length=0, elements={
}

Java Threads: ( => current thread )

Other Threads:
  0x000001e8183c05f0 GCTaskThread "GC Thread#0" [stack: 0x0000004e05c00000,0x0000004e05d00000] [id=16824]
  0x000001e8184232e0 ConcurrentGCThread "G1 Main Marker" [stack: 0x0000004e05d00000,0x0000004e05e00000] [id=26388]
  0x000001e818424680 ConcurrentGCThread "G1 Conc#0" [stack: 0x0000004e05e00000,0x0000004e05f00000] [id=25300]

[error occurred during error reporting (printing all threads), id 0xc0000005, EXCEPTION_ACCESS_VIOLATION (0xc0000005) at pc=0x00007ffaa35c3597]

VM state: not at safepoint (not fully initialized)

VM Mutex/Monitor currently owned by a thread:  ([mutex/lock_event])
[0x000001e81639d8d0] Heap_lock - owner thread: 0x000001e8183a7f30

Heap address: 0x0000000711200000, size: 3822 MB, Compressed Oops mode: Zero based, Oop shift amount: 3

CDS archive(s) mapped at: [0x0000000000000000-0x0000000000000000-0x0000000000000000), size 0, SharedBaseAddress: 0x0000000800000000, ArchiveRelocationMode: 1.
Narrow klass base: 0x0000000000000000, Narrow klass shift: 0, Narrow klass range: 0x0

GC Precious Log:
<Empty>

Heap:
 garbage-first heap   total 0K, used 0K [0x0000000711200000, 0x0000000800000000)
  region size 2048K, 0 young (0K), 0 survivors (0K)
 Metaspace       used 0K, committed 0K, reserved 0K
  class space    used 0K, committed 0K, reserved 0K

Heap Regions: E=young(eden), S=young(survivor), O=old, HS=humongous(starts), HC=humongous(continues), CS=collection set, F=free, OA=open archive, CA=closed archive, TAMS=top-at-mark-start (previous, next)

Card table byte_map: [0x000001e82b5c0000,0x000001e82bd40000] _byte_map_base: 0x000001e827d37000

Marking Bits (Prev, Next): (CMBitMap*) 0x000001e818413ae0, (CMBitMap*) 0x000001e818413b20
 Prev Bits: [0x000001e82c4c0000, 0x000001e830078000)
 Next Bits: [0x000001e830080000, 0x000001e833c38000)

GC Heap History (0 events):
No events

Dll operation events (1 events):
Event: 0.031 Loaded shared library C:\Users\lprietor\AppData\Local\JetBrains\PyCharm Community Edition 2023.3.2\jbr\bin\java.dll

Deoptimization events (0 events):
No events

Classes unloaded (0 events):
No events

Classes redefined (0 events):
No events

Internal exceptions (0 events):
No events

VM Operations (0 events):
No events

Events (0 events):
No events


Dynamic libraries:
0x00007ff71f670000 - 0x00007ff71f67a000 	C:\Users\lprietor\AppData\Local\JetBrains\PyCharm Community Edition 2023.3.2\jbr\bin\java.exe
0x00007ffaed0b0000 - 0x00007ffaed2a8000 	C:\WINDOWS\SYSTEM32\ntdll.dll
0x00007ffaec780000 - 0x00007ffaec83f000 	C:\WINDOWS\System32\KERNEL32.DLL
0x00007ffaeaa80000 - 0x00007ffaead76000 	C:\WINDOWS\System32\KERNELBASE.dll
0x00007ffaec620000 - 0x00007ffaec6cf000 	C:\WINDOWS\System32\ADVAPI32.DLL
0x00007ffaecb60000 - 0x00007ffaecbfe000 	C:\WINDOWS\System32\msvcrt.dll
0x00007ffaebfe0000 - 0x00007ffaec07c000 	C:\WINDOWS\System32\sechost.dll
0x00007ffaec080000 - 0x00007ffaec1a6000 	C:\WINDOWS\System32\RPCRT4.dll
0x000000005a450000 - 0x000000005a4ed000 	C:\ProgramData\Symantec\Symantec Endpoint Protection\14.3.9225.6000.105\Data\Sysfer\x64\sysfer.dll
0x00007ffaea870000 - 0x00007ffaea970000 	C:\WINDOWS\System32\ucrtbase.dll
0x00007ffae2110000 - 0x00007ffae2127000 	C:\Users\lprietor\AppData\Local\JetBrains\PyCharm Community Edition 2023.3.2\jbr\bin\jli.dll
0x00007ffadc260000 - 0x00007ffadc27b000 	C:\Users\lprietor\AppData\Local\JetBrains\PyCharm Community Edition 2023.3.2\jbr\bin\VCRUNTIME140.dll
0x00007ffaec9c0000 - 0x00007ffaecb5d000 	C:\WINDOWS\System32\USER32.dll
0x00007ffaeafc0000 - 0x00007ffaeafe2000 	C:\WINDOWS\System32\win32u.dll
0x00007ffaec1b0000 - 0x00007ffaec1dc000 	C:\WINDOWS\System32\GDI32.dll
0x00007ffaeaff0000 - 0x00007ffaeb105000 	C:\WINDOWS\System32\gdi32full.dll
0x00007ffaea970000 - 0x00007ffaeaa0d000 	C:\WINDOWS\System32\msvcp_win.dll
0x00007ffad3530000 - 0x00007ffad37ca000 	C:\WINDOWS\WinSxS\amd64_microsoft.windows.common-controls_6595b64144ccf1df_6.0.19041.1110_none_60b5254171f9507e\COMCTL32.dll
0x00007ffaec990000 - 0x00007ffaec998000 	C:\WINDOWS\System32\psapi.dll
0x00007ffaeb110000 - 0x00007ffaeb140000 	C:\WINDOWS\System32\IMM32.DLL
0x00007ffae5ef0000 - 0x00007ffae5efc000 	C:\Users\lprietor\AppData\Local\JetBrains\PyCharm Community Edition 2023.3.2\jbr\bin\vcruntime140_1.dll
0x00007ffabe850000 - 0x00007ffabe8dd000 	C:\Users\lprietor\AppData\Local\JetBrains\PyCharm Community Edition 2023.3.2\jbr\bin\msvcp140.dll
0x00007ffaa32d0000 - 0x00007ffaa3f52000 	C:\Users\lprietor\AppData\Local\JetBrains\PyCharm Community Edition 2023.3.2\jbr\bin\server\jvm.dll
0x00007ffaea600000 - 0x00007ffaea64b000 	C:\WINDOWS\SYSTEM32\POWRPROF.dll
0x00007ffad59b0000 - 0x00007ffad59b9000 	C:\WINDOWS\SYSTEM32\WSOCK32.dll
0x00007ffaec1f0000 - 0x00007ffaec25b000 	C:\WINDOWS\System32\WS2_32.dll
0x00007ffae0790000 - 0x00007ffae07b7000 	C:\WINDOWS\SYSTEM32\WINMM.dll
0x00007ffae07c0000 - 0x00007ffae07ca000 	C:\WINDOWS\SYSTEM32\VERSION.dll
0x00007ffaea530000 - 0x00007ffaea542000 	C:\WINDOWS\SYSTEM32\UMPDC.dll
0x00007ffae9110000 - 0x00007ffae9122000 	C:\WINDOWS\SYSTEM32\kernel.appcore.dll
0x00007ffae7b70000 - 0x00007ffae7b7a000 	C:\Users\lprietor\AppData\Local\JetBrains\PyCharm Community Edition 2023.3.2\jbr\bin\jimage.dll
0x00007ffae8c50000 - 0x00007ffae8e34000 	C:\WINDOWS\SYSTEM32\DBGHELP.DLL
0x00007ffad3420000 - 0x00007ffad3454000 	C:\WINDOWS\SYSTEM32\dbgcore.DLL
0x00007ffaeadd0000 - 0x00007ffaeae52000 	C:\WINDOWS\System32\bcryptPrimitives.dll
0x00007ffadd700000 - 0x00007ffadd725000 	C:\Users\lprietor\AppData\Local\JetBrains\PyCharm Community Edition 2023.3.2\jbr\bin\java.dll

dbghelp: loaded successfully - version: 4.0.5 - missing functions: none
symbol engine: initialized successfully - sym options: 0x614 - pdb path: .;C:\Users\lprietor\AppData\Local\JetBrains\PyCharm Community Edition 2023.3.2\jbr\bin;C:\WINDOWS\SYSTEM32;C:\ProgramData\Symantec\Symantec Endpoint Protection\14.3.9225.6000.105\Data\Sysfer\x64;C:\WINDOWS\WinSxS\amd64_microsoft.windows.common-controls_6595b64144ccf1df_6.0.19041.1110_none_60b5254171f9507e;C:\Users\lprietor\AppData\Local\JetBrains\PyCharm Community Edition 2023.3.2\jbr\bin\server

VM Arguments:
java_command: git4idea.http.GitAskPassApp Username for 'https://github.com': 
java_class_path (initial): C:/Users/lprietor/AppData/Local/JetBrains/PyCharm Community Edition 2023.3.2/plugins/vcs-git/lib/git4idea-rt.jar;C:/Users/lprietor/AppData/Local/JetBrains/PyCharm Community Edition 2023.3.2/lib/externalProcess-rt.jar
Launcher Type: SUN_STANDARD

[Global flags]
     intx CICompilerCount                          = 4                                         {product} {ergonomic}
     uint ConcGCThreads                            = 2                                         {product} {ergonomic}
     uint G1ConcRefinementThreads                  = 8                                         {product} {ergonomic}
   size_t G1HeapRegionSize                         = 2097152                                   {product} {ergonomic}
    uintx GCDrainStackTargetSize                   = 64                                        {product} {ergonomic}
   size_t InitialHeapSize                          = 251658240                                 {product} {ergonomic}
   size_t MarkStackSize                            = 4194304                                   {product} {ergonomic}
   size_t MaxHeapSize                              = 4007657472                                {product} {ergonomic}
   size_t MinHeapDeltaBytes                        = 2097152                                   {product} {ergonomic}
   size_t MinHeapSize                              = 8388608                                   {product} {ergonomic}
    uintx NonNMethodCodeHeapSize                   = 5839372                                {pd product} {ergonomic}
    uintx NonProfiledCodeHeapSize                  = 122909434                              {pd product} {ergonomic}
    uintx ProfiledCodeHeapSize                     = 122909434                              {pd product} {ergonomic}
    uintx ReservedCodeCacheSize                    = 251658240                              {pd product} {ergonomic}
     bool SegmentedCodeCache                       = true                                      {product} {ergonomic}
   size_t SoftMaxHeapSize                          = 4007657472                             {manageable} {ergonomic}
     bool UseCompressedClassPointers               = true                           {product lp64_product} {ergonomic}
     bool UseCompressedOops                        = true                           {product lp64_product} {ergonomic}
     bool UseG1GC                                  = true                                      {product} {ergonomic}
     bool UseLargePagesIndividualAllocation        = false                                  {pd product} {ergonomic}

Logging:
Log output configuration:
 #0: stdout all=warning uptime,level,tags
 #1: stderr all=off uptime,level,tags

Environment Variables:
JAVA_HOME=C:\Program Files\Eclipse Adoptium\jdk-11.0.15.10-hotspot\
PATH=C:\Users\lprietor\AppData\Local\Programs\Git\mingw64\libexec\git-core;C:\Users\lprietor\AppData\Local\Programs\Git\mingw64\libexec\git-core;C:\Users\lprietor\AppData\Local\Programs\Git\mingw64\bin;C:\Users\lprietor\AppData\Local\Programs\Git\usr\bin;C:\Users\lprietor\bin;C:\Program Files\Eclipse Adoptium\jdk-11.0.15.10-hotspot\bin;C:\ProgramData\Anaconda3;C:\ProgramData\Anaconda3\Library\mingw-w64\bin;C:\ProgramData\Anaconda3\Library\usr\bin;C:\ProgramData\Anaconda3\Library\bin;C:\ProgramData\Anaconda3\Scripts;C:\windows\system32;C:\windows;C:\windows\System32\Wbem;C:\windows\System32\WindowsPowerShell\v1.0;C:\windows\System32\OpenSSH;C:\Program Files\dotnet;C:\WINDOWS\system32;C:\WINDOWS;C:\WINDOWS\System32\Wbem;C:\WINDOWS\System32\WindowsPowerShell\v1.0;C:\WINDOWS\System32\OpenSSH;C:\Users\lprietor\AppData\Local\Programs\Python\Python312\Scripts;C:\Users\lprietor\AppData\Local\Programs\Python\Python312;C:\Users\lprietor\AppData\Local\Programs\Python\Launcher;C:\Users\lprietor\AppData\Local\Microsoft\WindowsApps;C:\Users\lprietor\AppData\Local\Programs\Microsoft VS Code\bin;C:\Users\lprietor\AppData\Local\JetBrains\PyCharm 2023.3.1\bin;C:\Users\lprietor\AppData\Local\JetBrains\PyCharm Community Edition 2023.3.2\bin;C:\Users\lprietor\AppData\Local\Programs\Git\cmd
USERNAME=lprietor
DISPLAY=:0.0
LC_ALL=en_US.UTF-8
TERM=xterm-256color
TMPDIR=C:\Users\lprietor\AppData\Local\Temp
OS=Windows_NT
PROCESSOR_IDENTIFIER=AMD64 Family 23 Model 17 Stepping 0, AuthenticAMD
TMP=C:\Users\lprietor\AppData\Local\Temp
TEMP=C:\Users\lprietor\AppData\Local\Temp



Periodic native trim disabled

JNI global refs:
JNI global refs: 0, weak refs: 0

JNI global refs memory usage: 0, weak refs: 0

OOME stack traces (most recent first):
Classloader memory used:


---------------  S Y S T E M  ---------------

OS:
 Windows 10 , 64 bit Build 19041 (10.0.19041.2913)
OS uptime: 20 days 18:30 hours

CPU: total 8 (initial active 8) (8 cores per cpu, 2 threads per core) family 23 model 17 stepping 0 microcode 0x0, cx8, cmov, fxsr, ht, mmx, 3dnowpref, sse, sse2, sse3, ssse3, sse4a, sse4.1, sse4.2, popcnt, lzcnt, tsc, tscinvbit, avx, avx2, aes, clmul, bmi1, bmi2, adx, sha, fma, vzeroupper, clflush, clflushopt
Processor Information for all 8 processors :
  Max Mhz: 3600, Current Mhz: 3600, Mhz Limit: 3600

Memory: 4k page, system-wide physical 15284M (2454M free)
TotalPageFile size 15284M (AvailPageFile size 132M)
current process WorkingSet (physical memory assigned to process): 11M, peak: 11M
current process commit charge ("private bytes"): 60M, peak: 300M

vm_info: OpenJDK 64-Bit Server VM (17.0.9+7-b1087.9) for windows-amd64 JRE (17.0.9+7-b1087.9), built on 2023-12-05 by "builduser" with MS VC++ 16.10 / 16.11 (VS2019)

END.
